This is pdfTeX, Version 3.141592653-2.6-1.40.24 (TeX Live 2022) (preloaded format=pdflatex 2022.9.7)  9 SEP 2022 16:05
entering extended mode
 restricted \write18 enabled.
 %&-line parsing enabled.
**assignment_02_ChattapadhyayKausik.tex
(./assignment_02_ChattapadhyayKausik.tex
LaTeX2e <2022-06-01> patch level 5
L3 programming layer <2022-08-30> (/Users/kausik/Library/TinyTeX/texmf-dist/tex/latex/base/article.cls
Document Class: article 2021/10/04 v1.4n Standard LaTeX document class
(/Users/kausik/Library/TinyTeX/texmf-dist/tex/latex/base/size10.clo
File: size10.clo 2021/10/04 v1.4n Standard LaTeX file (size option)
)
\c@part=\count185
\c@section=\count186
\c@subsection=\count187
\c@subsubsection=\count188
\c@paragraph=\count189
\c@subparagraph=\count190
\c@figure=\count191
\c@table=\count192
\abovecaptionskip=\skip47
\belowcaptionskip=\skip48
\bibindent=\dimen138
) (/Users/kausik/Library/TinyTeX/texmf-dist/tex/latex/graphics/graphicx.sty
Package: graphicx 2021/09/16 v1.2d Enhanced LaTeX Graphics (DPC,SPQR)
(/Users/kausik/Library/TinyTeX/texmf-dist/tex/latex/graphics/keyval.sty
Package: keyval 2022/05/29 v1.15 key=value parser (DPC)
\KV@toks@=\toks16
) (/Users/kausik/Library/TinyTeX/texmf-dist/tex/latex/graphics/graphics.sty
Package: graphics 2022/03/10 v1.4e Standard LaTeX Graphics (DPC,SPQR)
(/Users/kausik/Library/TinyTeX/texmf-dist/tex/latex/graphics/trig.sty
Package: trig 2021/08/11 v1.11 sin cos tan (DPC)
) (/Users/kausik/Library/TinyTeX/texmf-dist/tex/latex/graphics-cfg/graphics.cfg
File: graphics.cfg 2016/06/04 v1.11 sample graphics configuration
)
Package graphics Info: Driver file: pdftex.def on input line 107.
(/Users/kausik/Library/TinyTeX/texmf-dist/tex/latex/graphics-def/pdftex.def
File: pdftex.def 2020/10/05 v1.2a Graphics/color driver for pdftex
))
\Gin@req@height=\dimen139
\Gin@req@width=\dimen140
) (/Users/kausik/Library/TinyTeX/texmf-dist/tex/latex/xcolor/xcolor.sty
Package: xcolor 2022/06/12 v2.14 LaTeX color extensions (UK)
(/Users/kausik/Library/TinyTeX/texmf-dist/tex/latex/graphics-cfg/color.cfg
File: color.cfg 2016/01/02 v1.6 sample color configuration
)
Package xcolor Info: Driver file: pdftex.def on input line 227.
(/Users/kausik/Library/TinyTeX/texmf-dist/tex/latex/graphics/mathcolor.ltx)
Package xcolor Info: Model `cmy' substituted by `cmy0' on input line 1353.
Package xcolor Info: Model `hsb' substituted by `rgb' on input line 1357.
Package xcolor Info: Model `RGB' extended on input line 1369.
Package xcolor Info: Model `HTML' substituted by `rgb' on input line 1371.
Package xcolor Info: Model `Hsb' substituted by `hsb' on input line 1372.
Package xcolor Info: Model `tHsb' substituted by `hsb' on input line 1373.
Package xcolor Info: Model `HSB' substituted by `hsb' on input line 1374.
Package xcolor Info: Model `Gray' substituted by `gray' on input line 1375.
Package xcolor Info: Model `wave' substituted by `hsb' on input line 1376.
) (/Users/kausik/Library/TinyTeX/texmf-dist/tex/latex/framed/framed.sty
Package: framed 2011/10/22 v 0.96: framed or shaded text with page breaks
\OuterFrameSep=\skip49
\fb@frw=\dimen141
\fb@frh=\dimen142
\FrameRule=\dimen143
\FrameSep=\dimen144
) (/Users/kausik/Library/TinyTeX/texmf-dist/tex/latex/base/alltt.sty
Package: alltt 2021/01/29 v2.0g defines alltt environment
) (/Users/kausik/Library/TinyTeX/texmf-dist/tex/latex/psnfss/mathpazo.sty
Package: mathpazo 2020/03/25 PSNFSS-v9.3 Palatino w/ Pazo Math (D.Puga, WaS) 
\symupright=\mathgroup4
) (/Users/kausik/Library/TinyTeX/texmf-dist/tex/latex/base/fontenc.sty
Package: fontenc 2021/04/29 v2.0v Standard LaTeX package
LaTeX Font Info:    Trying to load font information for T1+pplx on input line 112.
(/Users/kausik/Library/TinyTeX/texmf-dist/tex/latex/psnfss/t1pplx.fd
File: t1pplx.fd 2004/09/06 font definitions for T1/pplx.
)) (/Users/kausik/Library/TinyTeX/texmf-dist/tex/latex/geometry/geometry.sty
Package: geometry 2020/01/02 v5.9 Page Geometry
(/Users/kausik/Library/TinyTeX/texmf-dist/tex/generic/iftex/ifvtex.sty
Package: ifvtex 2019/10/25 v1.7 ifvtex legacy package. Use iftex instead.
(/Users/kausik/Library/TinyTeX/texmf-dist/tex/generic/iftex/iftex.sty
Package: iftex 2022/02/03 v1.0f TeX engine tests
))
\Gm@cnth=\count193
\Gm@cntv=\count194
\c@Gm@tempcnt=\count195
\Gm@bindingoffset=\dimen145
\Gm@wd@mp=\dimen146
\Gm@odd@mp=\dimen147
\Gm@even@mp=\dimen148
\Gm@layoutwidth=\dimen149
\Gm@layoutheight=\dimen150
\Gm@layouthoffset=\dimen151
\Gm@layoutvoffset=\dimen152
\Gm@dimlist=\toks17
) (/Users/kausik/Library/TinyTeX/texmf-dist/tex/latex/hyperref/hyperref.sty
Package: hyperref 2022-06-20 v7.00s Hypertext links for LaTeX
(/Users/kausik/Library/TinyTeX/texmf-dist/tex/generic/ltxcmds/ltxcmds.sty
Package: ltxcmds 2020-05-10 v1.25 LaTeX kernel commands for general use (HO)
) (/Users/kausik/Library/TinyTeX/texmf-dist/tex/generic/pdftexcmds/pdftexcmds.sty
Package: pdftexcmds 2020-06-27 v0.33 Utility functions of pdfTeX for LuaTeX (HO)
(/Users/kausik/Library/TinyTeX/texmf-dist/tex/generic/infwarerr/infwarerr.sty
Package: infwarerr 2019/12/03 v1.5 Providing info/warning/error messages (HO)
)
Package pdftexcmds Info: \pdf@primitive is available.
Package pdftexcmds Info: \pdf@ifprimitive is available.
Package pdftexcmds Info: \pdfdraftmode found.
) (/Users/kausik/Library/TinyTeX/texmf-dist/tex/generic/kvsetkeys/kvsetkeys.sty
Package: kvsetkeys 2019/12/15 v1.18 Key value parser (HO)
) (/Users/kausik/Library/TinyTeX/texmf-dist/tex/generic/kvdefinekeys/kvdefinekeys.sty
Package: kvdefinekeys 2019-12-19 v1.6 Define keys (HO)
) (/Users/kausik/Library/TinyTeX/texmf-dist/tex/generic/pdfescape/pdfescape.sty
Package: pdfescape 2019/12/09 v1.15 Implements pdfTeX's escape features (HO)
) (/Users/kausik/Library/TinyTeX/texmf-dist/tex/latex/hycolor/hycolor.sty
Package: hycolor 2020-01-27 v1.10 Color options for hyperref/bookmark (HO)
) (/Users/kausik/Library/TinyTeX/texmf-dist/tex/latex/letltxmacro/letltxmacro.sty
Package: letltxmacro 2019/12/03 v1.6 Let assignment for LaTeX macros (HO)
) (/Users/kausik/Library/TinyTeX/texmf-dist/tex/latex/auxhook/auxhook.sty
Package: auxhook 2019-12-17 v1.6 Hooks for auxiliary files (HO)
) (/Users/kausik/Library/TinyTeX/texmf-dist/tex/latex/hyperref/nameref.sty
Package: nameref 2022-05-17 v2.50 Cross-referencing by name of section
(/Users/kausik/Library/TinyTeX/texmf-dist/tex/latex/refcount/refcount.sty
Package: refcount 2019/12/15 v3.6 Data extraction from label references (HO)
) (/Users/kausik/Library/TinyTeX/texmf-dist/tex/generic/gettitlestring/gettitlestring.sty
Package: gettitlestring 2019/12/15 v1.6 Cleanup title references (HO)
(/Users/kausik/Library/TinyTeX/texmf-dist/tex/latex/kvoptions/kvoptions.sty
Package: kvoptions 2022-06-15 v3.15 Key value format for package options (HO)
))
\c@section@level=\count196
)
\@linkdim=\dimen153
\Hy@linkcounter=\count197
\Hy@pagecounter=\count198
(/Users/kausik/Library/TinyTeX/texmf-dist/tex/latex/hyperref/pd1enc.def
File: pd1enc.def 2022-06-20 v7.00s Hyperref: PDFDocEncoding definition (HO)
Now handling font encoding PD1 ...
... no UTF-8 mapping file for font encoding PD1
) (/Users/kausik/Library/TinyTeX/texmf-dist/tex/generic/intcalc/intcalc.sty
Package: intcalc 2019/12/15 v1.3 Expandable calculations with integers (HO)
) (/Users/kausik/Library/TinyTeX/texmf-dist/tex/generic/etexcmds/etexcmds.sty
Package: etexcmds 2019/12/15 v1.7 Avoid name clashes with e-TeX commands (HO)
)
\Hy@SavedSpaceFactor=\count199
(/Users/kausik/Library/TinyTeX/texmf-dist/tex/latex/hyperref/puenc.def
File: puenc.def 2022-06-20 v7.00s Hyperref: PDF Unicode definition (HO)
Now handling font encoding PU ...
... no UTF-8 mapping file for font encoding PU
)
Package hyperref Info: Option `unicode' set `true' on input line 4045.
Package hyperref Info: Option `pdfusetitle' set `true' on input line 4045.
Package hyperref Info: Option `bookmarks' set `true' on input line 4045.
Package hyperref Info: Option `bookmarksnumbered' set `true' on input line 4045.
Package hyperref Info: Option `bookmarksopen' set `true' on input line 4045.
Package hyperref Info: Option `breaklinks' set `false' on input line 4045.
Package hyperref Info: Option `colorlinks' set `false' on input line 4045.
Package hyperref Info: Hyper figures OFF on input line 4162.
Package hyperref Info: Link nesting OFF on input line 4167.
Package hyperref Info: Hyper index ON on input line 4170.
Package hyperref Info: Plain pages OFF on input line 4177.
Package hyperref Info: Backreferencing OFF on input line 4182.
Package hyperref Info: Implicit mode ON; LaTeX internals redefined.
Package hyperref Info: Bookmarks ON on input line 4408.
\c@Hy@tempcnt=\count266
(/Users/kausik/Library/TinyTeX/texmf-dist/tex/latex/url/url.sty
\Urlmuskip=\muskip16
Package: url 2013/09/16  ver 3.4  Verb mode for urls, etc.
)
LaTeX Info: Redefining \url on input line 4746.
\XeTeXLinkMargin=\dimen154
(/Users/kausik/Library/TinyTeX/texmf-dist/tex/generic/bitset/bitset.sty
Package: bitset 2019/12/09 v1.3 Handle bit-vector datatype (HO)
(/Users/kausik/Library/TinyTeX/texmf-dist/tex/generic/bigintcalc/bigintcalc.sty
Package: bigintcalc 2019/12/15 v1.5 Expandable calculations on big integers (HO)
))
\Fld@menulength=\count267
\Field@Width=\dimen155
\Fld@charsize=\dimen156
Package hyperref Info: Hyper figures OFF on input line 6024.
Package hyperref Info: Link nesting OFF on input line 6029.
Package hyperref Info: Hyper index ON on input line 6032.
Package hyperref Info: backreferencing OFF on input line 6039.
Package hyperref Info: Link coloring OFF on input line 6044.
Package hyperref Info: Link coloring with OCG OFF on input line 6049.
Package hyperref Info: PDF/A mode OFF on input line 6054.
(/Users/kausik/Library/TinyTeX/texmf-dist/tex/latex/base/atbegshi-ltx.sty
Package: atbegshi-ltx 2021/01/10 v1.0c Emulation of the original atbegshi
package with kernel methods
)
\Hy@abspage=\count268
\c@Item=\count269
\c@Hfootnote=\count270
)
Package hyperref Info: Driver (autodetected): hpdftex.
(/Users/kausik/Library/TinyTeX/texmf-dist/tex/latex/hyperref/hpdftex.def
File: hpdftex.def 2022-06-20 v7.00s Hyperref driver for pdfTeX
(/Users/kausik/Library/TinyTeX/texmf-dist/tex/latex/base/atveryend-ltx.sty
Package: atveryend-ltx 2020/08/19 v1.0a Emulation of the original atveryend package
with kernel methods
)
\Fld@listcount=\count271
\c@bookmark@seq@number=\count272
(/Users/kausik/Library/TinyTeX/texmf-dist/tex/latex/rerunfilecheck/rerunfilecheck.sty
Package: rerunfilecheck 2022-07-10 v1.10 Rerun checks for auxiliary files (HO)
(/Users/kausik/Library/TinyTeX/texmf-dist/tex/generic/uniquecounter/uniquecounter.sty
Package: uniquecounter 2019/12/15 v1.4 Provide unlimited unique counter (HO)
)
Package uniquecounter Info: New unique counter `rerunfilecheck' on input line 285.
)
\Hy@SectionHShift=\skip50
) (/Users/kausik/Library/TinyTeX/texmf-dist/tex/latex/l3backend/l3backend-pdftex.def
File: l3backend-pdftex.def 2022-08-30 L3 backend support: PDF output (pdfTeX)
\l__color_backend_stack_int=\count273
\l__pdf_internal_box=\box51
) (./assignment_02_ChattapadhyayKausik.aux)
\openout1 = `assignment_02_ChattapadhyayKausik.aux'.

LaTeX Font Info:    Checking defaults for OML/cmm/m/it on input line 76.
LaTeX Font Info:    ... okay on input line 76.
LaTeX Font Info:    Checking defaults for OMS/cmsy/m/n on input line 76.
LaTeX Font Info:    ... okay on input line 76.
LaTeX Font Info:    Checking defaults for OT1/cmr/m/n on input line 76.
LaTeX Font Info:    ... okay on input line 76.
LaTeX Font Info:    Checking defaults for T1/cmr/m/n on input line 76.
LaTeX Font Info:    ... okay on input line 76.
LaTeX Font Info:    Checking defaults for TS1/cmr/m/n on input line 76.
LaTeX Font Info:    ... okay on input line 76.
LaTeX Font Info:    Checking defaults for OMX/cmex/m/n on input line 76.
LaTeX Font Info:    ... okay on input line 76.
LaTeX Font Info:    Checking defaults for U/cmr/m/n on input line 76.
LaTeX Font Info:    ... okay on input line 76.
LaTeX Font Info:    Checking defaults for PD1/pdf/m/n on input line 76.
LaTeX Font Info:    ... okay on input line 76.
LaTeX Font Info:    Checking defaults for PU/pdf/m/n on input line 76.
LaTeX Font Info:    ... okay on input line 76.
(/Users/kausik/Library/TinyTeX/texmf-dist/tex/latex/epstopdf-pkg/epstopdf-base.sty
Package: epstopdf-base 2020-01-24 v2.11 Base part for package epstopdf
Package epstopdf-base Info: Redefining graphics rule for `.eps' on input line 485.
(/Users/kausik/Library/TinyTeX/texmf-dist/tex/latex/latexconfig/epstopdf-sys.cfg
File: epstopdf-sys.cfg 2010/07/13 v1.3 Configuration of (r)epstopdf for TeX Live
))
\big@size=\dimen157
*geometry* driver: auto-detecting
*geometry* detected driver: pdftex

Package geometry Warning: The marginal notes overrun the paper.
     Add 4.86812pt and more to the right margin.

*geometry* verbose mode - [ preamble ] result:
* driver: pdftex
* paper: <default>
* layout: <same size as paper>
* layoutoffset:(h,v)=(0.0pt,0.0pt)
* modes: 
* h-part:(L,W,R)=(71.13188pt, 472.03123pt, 71.13188pt)
* v-part:(T,H,B)=(71.13188pt, 652.70622pt, 71.13188pt)
* \paperwidth=614.295pt
* \paperheight=794.96999pt
* \textwidth=472.03123pt
* \textheight=652.70622pt
* \oddsidemargin=-1.1381pt
* \evensidemargin=-1.1381pt
* \topmargin=-38.1381pt
* \headheight=12.0pt
* \headsep=25.0pt
* \topskip=10.0pt
* \footskip=30.0pt
* \marginparwidth=65.0pt
* \marginparsep=11.0pt
* \columnsep=10.0pt
* \skip\footins=9.0pt plus 4.0pt minus 2.0pt
* \hoffset=0.0pt
* \voffset=0.0pt
* \mag=1000
* \@twocolumnfalse
* \@twosidefalse
* \@mparswitchfalse
* \@reversemarginfalse
* (1in=72.27pt=25.4mm, 1cm=28.453pt)

Package hyperref Info: Link coloring OFF on input line 76.
(./assignment_02_ChattapadhyayKausik.out) (./assignment_02_ChattapadhyayKausik.out)
\@outlinefile=\write3
\openout3 = `assignment_02_ChattapadhyayKausik.out'.

LaTeX Font Info:    Trying to load font information for T1+lmtt on input line 89.
(/Users/kausik/Library/TinyTeX/texmf-dist/tex/latex/lm/t1lmtt.fd
File: t1lmtt.fd 2015/05/01 v1.6.1 Font defs for Latin Modern
)
LaTeX Font Info:    Font shape `T1/lmtt/bx/n' in size <10> not available
(Font)              Font shape `T1/lmtt/b/n' tried instead on input line 95.

Overfull \hbox (84.46715pt too wide) in paragraph at lines 99--99
[]\T1/lmtt/m/n/10 ## [1] "/Users/kausik/Desktop/MS Data Science/DSC 520/dsc520-stats-r-assignments/assignments/assignment02"[] 
 []


Overfull \hbox (7.45349pt too wide) in paragraph at lines 109--109
[][]\T1/lmtt/m/it/10 ## working directory to project root folder (the folder should contain the `data` directory[][] 
 []


Overfull \hbox (42.46727pt too wide) in paragraph at lines 115--115
[][]\T1/lmtt/m/n/10 person_df1[] []<-[] []\T1/lmtt/b/n/10 read.csv[][]\T1/lmtt/m/n/10 ([][]file[][]=[][]"data/tidynomicon/person.csv"[][],[] []header[] []=[] []TRUE[][],[] []stringsAsFactors[] []=[] []TRUE[][])[][] 
 []


Overfull \hbox (23.20345pt too wide) in paragraph at lines 126--126
[][]\T1/lmtt/m/it/10 ## Load the same file to person_df2 using `read.csv` and setting `stringsAsFactors` to `FALSE`[][] 
 []


Overfull \hbox (68.7172pt too wide) in paragraph at lines 194--194
[][]\T1/lmtt/m/n/10 voter_turnout_df1[] []<-[] []\T1/lmtt/b/n/10 read_excel[][]\T1/lmtt/m/n/10 ([][]"data/G04ResultsDetail2004-11-02.xls"[][],[] []sheet[][]=[][]"Voter Turnout"[][],[] []skip[] []=[] []1[][])[][] 
 []


Overfull \hbox (58.21722pt too wide) in paragraph at lines 211--211
[][]\T1/lmtt/m/n/10 voter_turnout_df2[] []<-[] []\T1/lmtt/b/n/10 read_excel[][]\T1/lmtt/m/n/10 ([][]"data/G04ResultsDetail2004-11-02.xls"[][],[] []sheet[][]=[][]"Voter Turnout"[][],[] []skip[][]=[][]2[][],[][] 
 []


Overfull \hbox (136.967pt too wide) in paragraph at lines 212--212
[]                                []\T1/lmtt/m/n/10 col_names[] []=[] []\T1/lmtt/b/n/10 c[][]\T1/lmtt/m/n/10 ([][]"ward_precint"[][],[] []"ballots_cast"[][],[] []"registered_voters"[][],[] []"voter_turnout"[][]))[][] 
 []


Overfull \hbox (28.45343pt too wide) in paragraph at lines 225--225
[][]\T1/lmtt/m/it/10 ## Create a database connection to `data/tidynomicon/example.db` using the dbConnect() function[][] 
 []


Overfull \hbox (96.70323pt too wide) in paragraph at lines 251--251
[][]\T1/lmtt/m/it/10 ## Read all of the tables at once using the `lapply` function and assign the result to the `tables` variable[][] 
 []


Overfull \hbox (16.21735pt too wide) in paragraph at lines 258--258
[]\T1/lmtt/m/n/10 ## Warning in result_fetch(res@ptr, n = n): Column `reading`: mixed type, first seen values
 []


Overfull \hbox (8426.6929pt too wide) in paragraph at lines 367--367
[]\T1/lmtt/m/n/10 ## [{"Count":10,"Score":200,"Section":"Sports"},{"Count":10,"Score":205,"Section":"Sports"},{"Count":20,"Score":235,"Section":"Sports"},{"Count":10,"Score":240,"Section":"Sports"},{"Count":10,"Score":250,"Section":"Sports"},{"Count":10,"Score":265,"Section":"Regular"},{"Count":10,"Score":275,"Section":"Regular"},{"Count":30,"Score":285,"Section":"Sports"},{"Count":10,"Score":295,"Section":"Regular"},{"Count":10,"Score":300,"Section":"Regular"},{"Count":20,"Score":300,"Section":"Sports"},{"Count":10,"Score":305,"Section":"Sports"},{"Count":10,"Score":305,"Section":"Regular"},{"Count":10,"Score":310,"Section":"Regular"},{"Count":10,"Score":310,"Section":"Sports"},{"Count":20,"Score":320,"Section":"Regular"},{"Count":10,"Score":305,"Section":"Regular"},{"Count":10,"Score":315,"Section":"Sports"},{"Count":20,"Score":320,"Section":"Regular"},{"Count":10,"Score":325,"Section":"Regular"},{"Count":10,"Score":325,"Section":"Sports"},{"Count":20,"Score":330,"Section":"Regular"},{"Count":10,"Score":330,"Section":"Sports"},{"Count":30,"Score":335,"Section":"Sports"},{"Count":10,"Score":335,"Section":"Regular"},{"Count":20,"Score":340,"Section":"Regular"},{"Count":10,"Score":340,"Section":"Sports"},{"Count":30,"Score":350,"Section":"Regular"},{"Count":20,"Score":360,"Section":"Regular"},{"Count":10,"Score":360,"Section":"Sports"},{"Count":20,"Score":365,"Section":"Regular"},{"Count":20,"Score":365,"Section":"Sports"},{"Count":10,"Score":370,"Section":"Sports"},{"Count":10,"Score":370,"Section":"Regular"},{"Count":20,"Score":375,"Section":"Regular"},{"Count":10,"Score":375,"Section":"Sports"},{"Count":20,"Score":380,"Section":"Regular"},{"Count":10,"Score":395,"Section":"Sports"}][] 
 []


Overfull \hbox (49.45337pt too wide) in paragraph at lines 369--369
[][]\T1/lmtt/m/it/10 ## Convert the scores dataframe to JSON using the `toJSON()` function with the `pretty=TRUE` option[][] 
 []

[1

{/Users/kausik/Library/TinyTeX/texmf-var/fonts/map/pdftex/updmap/pdftex.map}] [2] [3] [4] [5]
Underfull \vbox (badness 10000) detected at line 566
 []


Overfull \vbox (0.67427pt too high) detected at line 566
 []

[6]
Underfull \vbox (badness 10000) detected at line 566
 []


Overfull \vbox (0.1176pt too high) detected at line 566
 []

[7]
Underfull \vbox (badness 10000) detected at line 566
 []


Overfull \vbox (0.67427pt too high) detected at line 566
 []

[8]
Overfull \hbox (168.4669pt too wide) in paragraph at lines 602--602
[]\T1/lmtt/m/n/10 ## BLAS:   /System/Library/Frameworks/Accelerate.framework/Versions/A/Frameworks/vecLib.framework/Versions/A/libBLAS.dylib[] 
 []


Overfull \hbox (0.46739pt too wide) in paragraph at lines 602--602
[]\T1/lmtt/m/n/10 ## [21] evaluate_0.16    memoise_2.0.1    glue_1.6.2       cachem_1.0.6     RSQLite_2.2.12[] 
 []


Overfull \hbox (5.71738pt too wide) in paragraph at lines 602--602
[]\T1/lmtt/m/n/10 ## [26] stringi_1.7.6    compiler_4.0.0   pillar_1.8.1     cellranger_1.1.0 pkgconfig_2.0.3[] 
 []

[9] (./assignment_02_ChattapadhyayKausik.aux)
Package rerunfilecheck Info: File `assignment_02_ChattapadhyayKausik.out' has not changed.
(rerunfilecheck)             Checksum: D41D8CD98F00B204E9800998ECF8427E;0.
 ) 
Here is how much of TeX's memory you used:
 9252 strings out of 477035
 146479 string characters out of 5827465
 567744 words of memory out of 5000000
 30286 multiletter control sequences out of 15000+600000
 472845 words of font info for 34 fonts, out of 8000000 for 9000
 14 hyphenation exceptions out of 8191
 72i,5n,77p,1735b,487s stack positions out of 10000i,1000n,20000p,200000b,200000s
{/Users/kausik/Library/TinyTeX/texmf-dist/fonts/enc/dvips/lm/lm-ec.enc}{/Users/kausik/Library/TinyTeX/texmf-dist/fonts/enc/dvips/base/8r.enc}</Users/kausik/Library/TinyTeX/texmf-dist/fonts/type1/public/lm/lmtk10.pfb></Users/kausik/Library/TinyTeX/texmf-dist/fonts/type1/public/lm/lmtt10.pfb></Users/kausik/Library/TinyTeX/texmf-dist/fonts/type1/public/lm/lmtti10.pfb></Users/kausik/Library/TinyTeX/texmf-dist/fonts/type1/urw/palatino/uplr8a.pfb>
Output written on assignment_02_ChattapadhyayKausik.pdf (9 pages, 114142 bytes).
PDF statistics:
 71 PDF objects out of 1000 (max. 8388607)
 51 compressed objects within 1 object stream
 10 named destinations out of 1000 (max. 500000)
 1 words of extra memory for PDF output out of 10000 (max. 10000000)

